<?xml version="1.0" encoding="UTF-8"?>
<testsuite xmlns:xsi="http://www.w3.org/2001/XMLSchema-instance" xsi:noNamespaceSchemaLocation="https://maven.apache.org/surefire/maven-surefire-plugin/xsd/surefire-test-report.xsd" name="com.ning.gupao.AppTest" time="0.064" tests="1" errors="0" skipped="0" failures="0">
  <properties>
    <property name="sun.desktop" value="windows"/>
    <property name="awt.toolkit" value="sun.awt.windows.WToolkit"/>
    <property name="file.encoding.pkg" value="sun.io"/>
    <property name="java.specification.version" value="1.8"/>
    <property name="sun.cpu.isalist" value="amd64"/>
    <property name="sun.jnu.encoding" value="GBK"/>
    <property name="java.class.path" value="D:\javaEvn\workspace\gupaoedu\rpc-server-v2\rpcv2-core\target\test-classes;D:\javaEvn\workspace\gupaoedu\rpc-server-v2\rpcv2-core\target\classes;D:\javaEvn\LocalRepository\junit\junit\4.11\junit-4.11.jar;D:\javaEvn\LocalRepository\org\hamcrest\hamcrest-core\1.3\hamcrest-core-1.3.jar;D:\javaEvn\LocalRepository\org\springframework\spring-context\5.1.5.RELEASE\spring-context-5.1.5.RELEASE.jar;D:\javaEvn\LocalRepository\org\springframework\spring-aop\5.1.5.RELEASE\spring-aop-5.1.5.RELEASE.jar;D:\javaEvn\LocalRepository\org\springframework\spring-beans\5.1.5.RELEASE\spring-beans-5.1.5.RELEASE.jar;D:\javaEvn\LocalRepository\org\springframework\spring-core\5.1.5.RELEASE\spring-core-5.1.5.RELEASE.jar;D:\javaEvn\LocalRepository\org\springframework\spring-jcl\5.1.5.RELEASE\spring-jcl-5.1.5.RELEASE.jar;D:\javaEvn\LocalRepository\org\springframework\spring-expression\5.1.5.RELEASE\spring-expression-5.1.5.RELEASE.jar;D:\javaEvn\workspace\gupaoedu\rpc-server-v2\rpcv2-api\target\rpcv2-api-1.0-SNAPSHOT.jar;"/>
    <property name="java.vm.vendor" value="Oracle Corporation"/>
    <property name="sun.arch.data.model" value="64"/>
    <property name="user.variant" value=""/>
    <property name="java.vendor.url" value="http://java.oracle.com/"/>
    <property name="user.timezone" value="Asia/Shanghai"/>
    <property name="java.vm.specification.version" value="1.8"/>
    <property name="os.name" value="Windows 10"/>
    <property name="user.country" value="CN"/>
    <property name="sun.java.launcher" value="SUN_STANDARD"/>
    <property name="sun.boot.library.path" value="D:\javaTools\jdk1.8\jdk1.8.0_101\jre\bin"/>
    <property name="sun.java.command" value="C:\Users\lenovo\AppData\Local\Temp\surefire4065613982411407001\surefirebooter8353742310038649655.jar C:\Users\lenovo\AppData\Local\Temp\surefire4065613982411407001 2019-08-03T16-11-53_165-jvmRun1 surefire509406848065194348tmp surefire_1498702304552325582tmp"/>
    <property name="surefire.test.class.path" value="D:\javaEvn\workspace\gupaoedu\rpc-server-v2\rpcv2-core\target\test-classes;D:\javaEvn\workspace\gupaoedu\rpc-server-v2\rpcv2-core\target\classes;D:\javaEvn\LocalRepository\junit\junit\4.11\junit-4.11.jar;D:\javaEvn\LocalRepository\org\hamcrest\hamcrest-core\1.3\hamcrest-core-1.3.jar;D:\javaEvn\LocalRepository\org\springframework\spring-context\5.1.5.RELEASE\spring-context-5.1.5.RELEASE.jar;D:\javaEvn\LocalRepository\org\springframework\spring-aop\5.1.5.RELEASE\spring-aop-5.1.5.RELEASE.jar;D:\javaEvn\LocalRepository\org\springframework\spring-beans\5.1.5.RELEASE\spring-beans-5.1.5.RELEASE.jar;D:\javaEvn\LocalRepository\org\springframework\spring-core\5.1.5.RELEASE\spring-core-5.1.5.RELEASE.jar;D:\javaEvn\LocalRepository\org\springframework\spring-jcl\5.1.5.RELEASE\spring-jcl-5.1.5.RELEASE.jar;D:\javaEvn\LocalRepository\org\springframework\spring-expression\5.1.5.RELEASE\spring-expression-5.1.5.RELEASE.jar;D:\javaEvn\workspace\gupaoedu\rpc-server-v2\rpcv2-api\target\rpcv2-api-1.0-SNAPSHOT.jar;"/>
    <property name="sun.cpu.endian" value="little"/>
    <property name="user.home" value="C:\Users\lenovo"/>
    <property name="user.language" value="zh"/>
    <property name="java.specification.vendor" value="Oracle Corporation"/>
    <property name="java.home" value="D:\javaTools\jdk1.8\jdk1.8.0_101\jre"/>
    <property name="basedir" value="D:\javaEvn\workspace\gupaoedu\rpc-server-v2\rpcv2-core"/>
    <property name="file.separator" value="\"/>
    <property name="line.separator" value="&#10;"/>
    <property name="java.vm.specification.vendor" value="Oracle Corporation"/>
    <property name="java.specification.name" value="Java Platform API Specification"/>
    <property name="java.awt.graphicsenv" value="sun.awt.Win32GraphicsEnvironment"/>
    <property name="surefire.real.class.path" value="C:\Users\lenovo\AppData\Local\Temp\surefire4065613982411407001\surefirebooter8353742310038649655.jar"/>
    <property name="sun.boot.class.path" value="D:\javaTools\jdk1.8\jdk1.8.0_101\jre\lib\resources.jar;D:\javaTools\jdk1.8\jdk1.8.0_101\jre\lib\rt.jar;D:\javaTools\jdk1.8\jdk1.8.0_101\jre\lib\sunrsasign.jar;D:\javaTools\jdk1.8\jdk1.8.0_101\jre\lib\jsse.jar;D:\javaTools\jdk1.8\jdk1.8.0_101\jre\lib\jce.jar;D:\javaTools\jdk1.8\jdk1.8.0_101\jre\lib\charsets.jar;D:\javaTools\jdk1.8\jdk1.8.0_101\jre\lib\jfr.jar;D:\javaTools\jdk1.8\jdk1.8.0_101\jre\classes"/>
    <property name="user.script" value=""/>
    <property name="sun.management.compiler" value="HotSpot 64-Bit Tiered Compilers"/>
    <property name="java.runtime.version" value="1.8.0_101-b13"/>
    <property name="user.name" value="lenovo"/>
    <property name="path.separator" value=";"/>
    <property name="os.version" value="10.0"/>
    <property name="java.endorsed.dirs" value="D:\javaTools\jdk1.8\jdk1.8.0_101\jre\lib\endorsed"/>
    <property name="java.runtime.name" value="Java(TM) SE Runtime Environment"/>
    <property name="file.encoding" value="GBK"/>
    <property name="java.vm.name" value="Java HotSpot(TM) 64-Bit Server VM"/>
    <property name="localRepository" value="D:\javaEvn\LocalRepository"/>
    <property name="java.vendor.url.bug" value="http://bugreport.sun.com/bugreport/"/>
    <property name="java.io.tmpdir" value="C:\Users\lenovo\AppData\Local\Temp\"/>
    <property name="idea.version" value="2018.1.4"/>
    <property name="java.version" value="1.8.0_101"/>
    <property name="user.dir" value="D:\javaEvn\workspace\gupaoedu\rpc-server-v2\rpcv2-core"/>
    <property name="os.arch" value="amd64"/>
    <property name="java.vm.specification.name" value="Java Virtual Machine Specification"/>
    <property name="java.awt.printerjob" value="sun.awt.windows.WPrinterJob"/>
    <property name="sun.os.patch.level" value=""/>
    <property name="java.library.path" value="D:\javaTools\jdk1.8\jdk1.8.0_101\jre\bin;C:\WINDOWS\Sun\Java\bin;C:\WINDOWS\system32;C:\WINDOWS;C:\Program Files (x86)\NetSarang\Xftp 6\;C:\Program Files (x86)\NetSarang\Xshell 6\;C:\WINDOWS\system32;C:\WINDOWS;C:\WINDOWS\System32\Wbem;C:\WINDOWS\System32\WindowsPowerShell\v1.0\;D:\javaTools\jdk1.8\jdk1.8.0_101\bin;D:\javaTools\jdk1.8\jdk1.8.0_101\jre\bin;D:\javaEvn\apache-maven-3.3.9-bin\apache-maven-3.3.9\bin;D:\Program Files\Git\bin;D:\Program Files\nodejs\;C:\WINDOWS\System32\OpenSSH\;D:\Program Files\erl10.0.1\bin;D:\Program Files\Microsoft VS Code\bin;D:\Program Files\nodejs\node_global;D:\Program Files\Microsoft SQL Server\Client SDK\ODBC\110\Tools\Binn\;D:\Program Files (x86)\Microsoft SQL Server\120\Tools\Binn\;D:\Program Files\Microsoft SQL Server\120\Tools\Binn\;D:\Program Files\Microsoft SQL Server\120\DTS\Binn\;D:\Program Files (x86)\Microsoft SQL Server\Client SDK\ODBC\130\Tools\Binn\;D:\Program Files (x86)\Microsoft SQL Server\140\Tools\Binn\;D:\Program Files (x86)\Microsoft SQL Server\140\DTS\Binn\;D:\Program Files (x86)\Microsoft SQL Server\140\Tools\Binn\ManagementStudio\;D:\MinGW\bin;C:\Program Files (x86)\MIT\Kerberos\bin;D:\javaEvn\gradle-4.0-bin\gradle-4.0\bin;C:\Users\lenovo\AppData\Local\Microsoft\WindowsApps;D:\Program Files\nodejs\;;D:\Program Files\Microsoft VS Code\bin;D:\javaTools\SSHSecureShellClient;."/>
    <property name="java.vm.info" value="mixed mode"/>
    <property name="java.vendor" value="Oracle Corporation"/>
    <property name="java.vm.version" value="25.101-b13"/>
    <property name="java.ext.dirs" value="D:\javaTools\jdk1.8\jdk1.8.0_101\jre\lib\ext;C:\WINDOWS\Sun\Java\lib\ext"/>
    <property name="sun.io.unicode.encoding" value="UnicodeLittle"/>
    <property name="java.class.version" value="52.0"/>
  </properties>
  <testcase name="shouldAnswerWithTrue" classname="com.ning.gupao.AppTest" time="0.002"/>
</testsuite>